<?xml version="1.0" encoding="UTF-8"?>
<!-- Generated by org.testng.reporters.JUnitReportReporter -->
<testsuite hostname="LAPTOP-BDUVLNVT" failures="0" tests="1" name="runner.LoginRunner" time="0.210" errors="0" timestamp="2024-02-20T22:52:04 IST" skipped="0">
  <testcase classname="runner.LoginRunner" name="runScenario" time="0.210"/>
  <system-out/>
</testsuite> <!-- runner.LoginRunner -->
